0 info it worked if it ends with ok
1 verbose cli [ '/usr/local/Cellar/node/6.2.2/bin/node',
1 verbose cli   '/usr/local/bin/npm',
1 verbose cli   'run',
1 verbose cli   'lint' ]
2 info using npm@3.9.5
3 info using node@v6.2.2
4 verbose run-script [ 'prelint', 'lint', 'postlint' ]
5 info lifecycle pg-server@0.0.0~prelint: pg-server@0.0.0
6 silly lifecycle pg-server@0.0.0~prelint: no script for prelint, continuing
7 info lifecycle pg-server@0.0.0~lint: pg-server@0.0.0
8 verbose lifecycle pg-server@0.0.0~lint: unsafe-perm in lifecycle true
9 verbose lifecycle pg-server@0.0.0~lint: PATH: /usr/local/lib/node_modules/npm/bin/node-gyp-bin:/Users/ben/Desktop/tether-server/node_modules/.bin:/usr/local/Cellar/node/6.2.2/bin:/usr/local/bin:/usr/bin:/bin:/usr/sbin:/sbin
10 verbose lifecycle pg-server@0.0.0~lint: CWD: /Users/ben/Desktop/tether-server
11 silly lifecycle pg-server@0.0.0~lint: Args: [ '-c', 'eslint --quiet server/ && eslint --quiet client/' ]
12 silly lifecycle pg-server@0.0.0~lint: Returned: code: 1  signal: null
13 info lifecycle pg-server@0.0.0~lint: Failed to exec lint script
14 verbose stack Error: pg-server@0.0.0 lint: `eslint --quiet server/ && eslint --quiet client/`
14 verbose stack Exit status 1
14 verbose stack     at EventEmitter.<anonymous> (/usr/local/lib/node_modules/npm/lib/utils/lifecycle.js:245:16)
14 verbose stack     at emitTwo (events.js:106:13)
14 verbose stack     at EventEmitter.emit (events.js:191:7)
14 verbose stack     at ChildProcess.<anonymous> (/usr/local/lib/node_modules/npm/lib/utils/spawn.js:24:14)
14 verbose stack     at emitTwo (events.js:106:13)
14 verbose stack     at ChildProcess.emit (events.js:191:7)
14 verbose stack     at maybeClose (internal/child_process.js:852:16)
14 verbose stack     at Process.ChildProcess._handle.onexit (internal/child_process.js:215:5)
15 verbose pkgid pg-server@0.0.0
16 verbose cwd /Users/ben/Desktop/tether-server
17 error Darwin 15.5.0
18 error argv "/usr/local/Cellar/node/6.2.2/bin/node" "/usr/local/bin/npm" "run" "lint"
19 error node v6.2.2
20 error npm  v3.9.5
21 error code ELIFECYCLE
22 error pg-server@0.0.0 lint: `eslint --quiet server/ && eslint --quiet client/`
22 error Exit status 1
23 error Failed at the pg-server@0.0.0 lint script 'eslint --quiet server/ && eslint --quiet client/'.
23 error Make sure you have the latest version of node.js and npm installed.
23 error If you do, this is most likely a problem with the pg-server package,
23 error not with npm itself.
23 error Tell the author that this fails on your system:
23 error     eslint --quiet server/ && eslint --quiet client/
23 error You can get information on how to open an issue for this project with:
23 error     npm bugs pg-server
23 error Or if that isn't available, you can get their info via:
23 error     npm owner ls pg-server
23 error There is likely additional logging output above.
24 verbose exit [ 1, true ]
